2025-07-12 06:40:39,624 - __main__ - INFO - 🤖 Atenu Help Bot is starting...
2025-07-12 06:40:39,985 - httpx - INFO - HTTP Request: POST https://api.telegram.org/bot7664622116:AAF2z_SVRirebnM-Qap_2UZONU0KBr83FlQ/getMe "HTTP/1.1 200 OK"
2025-07-12 06:40:40,096 - httpx - INFO - HTTP Request: POST https://api.telegram.org/bot7664622116:AAF2z_SVRirebnM-Qap_2UZONU0KBr83FlQ/deleteWebhook "HTTP/1.1 200 OK"
2025-07-12 06:40:40,097 - apscheduler.scheduler - INFO - Scheduler started
2025-07-12 06:40:40,097 - telegram.ext.Application - INFO - Application started
2025-07-12 06:40:50,523 - httpx - INFO - HTTP Request: POST https://api.telegram.org/bot7664622116:AAF2z_SVRirebnM-Qap_2UZONU0KBr83FlQ/getUpdates "HTTP/1.1 200 OK"
2025-07-12 06:41:00,637 - httpx - INFO - HTTP Request: POST https://api.telegram.org/bot7664622116:AAF2z_SVRirebnM-Qap_2UZONU0KBr83FlQ/getUpdates "HTTP/1.1 200 OK"
2025-07-12 06:41:10,750 - httpx - INFO - HTTP Request: POST https://api.telegram.org/bot7664622116:AAF2z_SVRirebnM-Qap_2UZONU0KBr83FlQ/getUpdates "HTTP/1.1 200 OK"
2025-07-12 06:41:16,826 - httpx - INFO - HTTP Request: POST https://api.telegram.org/bot7664622116:AAF2z_SVRirebnM-Qap_2UZONU0KBr83FlQ/getUpdates "HTTP/1.1 200 OK"
2025-07-12 06:41:17,289 - httpx - INFO - HTTP Request: POST https://api.telegram.org/bot7664622116:AAF2z_SVRirebnM-Qap_2UZONU0KBr83FlQ/sendMessage "HTTP/1.1 200 OK"
2025-07-12 06:41:17,292 - __main__ - INFO - Command /start executed by user 1958568897
2025-07-12 06:41:20,346 - httpx - INFO - HTTP Request: POST https://api.telegram.org/bot7664622116:AAF2z_SVRirebnM-Qap_2UZONU0KBr83FlQ/getUpdates "HTTP/1.1 200 OK"
2025-07-12 06:41:20,595 - httpx - INFO - HTTP Request: POST https://api.telegram.org/bot7664622116:AAF2z_SVRirebnM-Qap_2UZONU0KBr83FlQ/sendMessage "HTTP/1.1 200 OK"
2025-07-12 06:41:20,597 - __main__ - INFO - Command /help executed by user 1958568897
2025-07-12 06:41:28,273 - httpx - INFO - HTTP Request: POST https://api.telegram.org/bot7664622116:AAF2z_SVRirebnM-Qap_2UZONU0KBr83FlQ/getUpdates "HTTP/1.1 200 OK"
2025-07-12 06:41:28,744 - httpx - INFO - HTTP Request: POST https://api.telegram.org/bot7664622116:AAF2z_SVRirebnM-Qap_2UZONU0KBr83FlQ/sendMessage "HTTP/1.1 200 OK"
2025-07-12 06:41:28,746 - __main__ - INFO - Command /courses executed by user 1958568897
2025-07-12 06:41:30,345 - httpx - INFO - HTTP Request: POST https://api.telegram.org/bot7664622116:AAF2z_SVRirebnM-Qap_2UZONU0KBr83FlQ/getUpdates "HTTP/1.1 200 OK"
2025-07-12 06:41:30,589 - httpx - INFO - HTTP Request: POST https://api.telegram.org/bot7664622116:AAF2z_SVRirebnM-Qap_2UZONU0KBr83FlQ/sendMessage "HTTP/1.1 200 OK"
2025-07-12 06:41:30,591 - __main__ - INFO - Command /quiz executed by user 1958568897
2025-07-12 06:41:32,275 - httpx - INFO - HTTP Request: POST https://api.telegram.org/bot7664622116:AAF2z_SVRirebnM-Qap_2UZONU0KBr83FlQ/getUpdates "HTTP/1.1 200 OK"
2025-07-12 06:41:32,523 - httpx - INFO - HTTP Request: POST https://api.telegram.org/bot7664622116:AAF2z_SVRirebnM-Qap_2UZONU0KBr83FlQ/sendMessage "HTTP/1.1 200 OK"
2025-07-12 06:41:32,525 - __main__ - INFO - Command /survey executed by user 1958568897
2025-07-12 06:41:35,106 - httpx - INFO - HTTP Request: POST https://api.telegram.org/bot7664622116:AAF2z_SVRirebnM-Qap_2UZONU0KBr83FlQ/getUpdates "HTTP/1.1 200 OK"
2025-07-12 06:41:35,353 - httpx - INFO - HTTP Request: POST https://api.telegram.org/bot7664622116:AAF2z_SVRirebnM-Qap_2UZONU0KBr83FlQ/sendMessage "HTTP/1.1 200 OK"
2025-07-12 06:41:35,358 - __main__ - INFO - Command /news executed by user 1958568897
2025-07-12 06:41:38,498 - httpx - INFO - HTTP Request: POST https://api.telegram.org/bot7664622116:AAF2z_SVRirebnM-Qap_2UZONU0KBr83FlQ/getUpdates "HTTP/1.1 200 OK"
2025-07-12 06:41:38,745 - httpx - INFO - HTTP Request: POST https://api.telegram.org/bot7664622116:AAF2z_SVRirebnM-Qap_2UZONU0KBr83FlQ/sendMessage "HTTP/1.1 200 OK"
2025-07-12 06:41:38,749 - __main__ - INFO - Command /scholarships executed by user 1958568897
2025-07-12 06:41:42,307 - httpx - INFO - HTTP Request: POST https://api.telegram.org/bot7664622116:AAF2z_SVRirebnM-Qap_2UZONU0KBr83FlQ/getUpdates "HTTP/1.1 200 OK"
2025-07-12 06:41:42,550 - httpx - INFO - HTTP Request: POST https://api.telegram.org/bot7664622116:AAF2z_SVRirebnM-Qap_2UZONU0KBr83FlQ/sendMessage "HTTP/1.1 200 OK"
2025-07-12 06:41:42,554 - __main__ - INFO - Command /register executed by user 1958568897
2025-07-12 06:41:44,566 - httpx - INFO - HTTP Request: POST https://api.telegram.org/bot7664622116:AAF2z_SVRirebnM-Qap_2UZONU0KBr83FlQ/getUpdates "HTTP/1.1 200 OK"
2025-07-12 06:41:44,807 - httpx - INFO - HTTP Request: POST https://api.telegram.org/bot7664622116:AAF2z_SVRirebnM-Qap_2UZONU0KBr83FlQ/sendMessage "HTTP/1.1 200 OK"
2025-07-12 06:41:44,810 - __main__ - INFO - Command /donate executed by user 1958568897
2025-07-12 06:41:46,926 - httpx - INFO - HTTP Request: POST https://api.telegram.org/bot7664622116:AAF2z_SVRirebnM-Qap_2UZONU0KBr83FlQ/getUpdates "HTTP/1.1 200 OK"
2025-07-12 06:41:47,161 - httpx - INFO - HTTP Request: POST https://api.telegram.org/bot7664622116:AAF2z_SVRirebnM-Qap_2UZONU0KBr83FlQ/sendMessage "HTTP/1.1 200 OK"
2025-07-12 06:41:47,165 - __main__ - INFO - Command /contact executed by user 1958568897
2025-07-12 06:41:51,199 - httpx - INFO - HTTP Request: POST https://api.telegram.org/bot7664622116:AAF2z_SVRirebnM-Qap_2UZONU0KBr83FlQ/getUpdates "HTTP/1.1 200 OK"
2025-07-12 06:41:51,441 - httpx - INFO - HTTP Request: POST https://api.telegram.org/bot7664622116:AAF2z_SVRirebnM-Qap_2UZONU0KBr83FlQ/sendMessage "HTTP/1.1 200 OK"
2025-07-12 06:41:51,441 - __main__ - INFO - Command /quiz executed by user 1958568897
2025-07-12 06:42:01,314 - httpx - INFO - HTTP Request: POST https://api.telegram.org/bot7664622116:AAF2z_SVRirebnM-Qap_2UZONU0KBr83FlQ/getUpdates "HTTP/1.1 200 OK"
2025-07-12 06:42:11,429 - httpx - INFO - HTTP Request: POST https://api.telegram.org/bot7664622116:AAF2z_SVRirebnM-Qap_2UZONU0KBr83FlQ/getUpdates "HTTP/1.1 200 OK"
2025-07-12 06:42:21,544 - httpx - INFO - HTTP Request: POST https://api.telegram.org/bot7664622116:AAF2z_SVRirebnM-Qap_2UZONU0KBr83FlQ/getUpdates "HTTP/1.1 200 OK"
2025-07-12 06:42:31,659 - httpx - INFO - HTTP Request: POST https://api.telegram.org/bot7664622116:AAF2z_SVRirebnM-Qap_2UZONU0KBr83FlQ/getUpdates "HTTP/1.1 200 OK"
2025-07-12 06:42:41,776 - httpx - INFO - HTTP Request: POST https://api.telegram.org/bot7664622116:AAF2z_SVRirebnM-Qap_2UZONU0KBr83FlQ/getUpdates "HTTP/1.1 200 OK"
2025-07-12 06:42:51,981 - httpx - INFO - HTTP Request: POST https://api.telegram.org/bot7664622116:AAF2z_SVRirebnM-Qap_2UZONU0KBr83FlQ/getUpdates "HTTP/1.1 200 OK"
2025-07-12 06:43:02,096 - httpx - INFO - HTTP Request: POST https://api.telegram.org/bot7664622116:AAF2z_SVRirebnM-Qap_2UZONU0KBr83FlQ/getUpdates "HTTP/1.1 200 OK"
2025-07-12 06:43:12,254 - httpx - INFO - HTTP Request: POST https://api.telegram.org/bot7664622116:AAF2z_SVRirebnM-Qap_2UZONU0KBr83FlQ/getUpdates "HTTP/1.1 200 OK"
2025-07-12 06:43:22,371 - httpx - INFO - HTTP Request: POST https://api.telegram.org/bot7664622116:AAF2z_SVRirebnM-Qap_2UZONU0KBr83FlQ/getUpdates "HTTP/1.1 200 OK"
2025-07-12 06:43:32,483 - httpx - INFO - HTTP Request: POST https://api.telegram.org/bot7664622116:AAF2z_SVRirebnM-Qap_2UZONU0KBr83FlQ/getUpdates "HTTP/1.1 200 OK"
2025-07-12 07:42:33,113 - __main__ - INFO - 🤖 Atenu Help Bot is starting...
2025-07-12 07:42:33,900 - httpx - INFO - HTTP Request: POST https://api.telegram.org/bot7664622116:AAF2z_SVRirebnM-Qap_2UZONU0KBr83FlQ/getMe "HTTP/1.1 200 OK"
2025-07-12 07:42:34,010 - httpx - INFO - HTTP Request: POST https://api.telegram.org/bot7664622116:AAF2z_SVRirebnM-Qap_2UZONU0KBr83FlQ/deleteWebhook "HTTP/1.1 200 OK"
2025-07-12 07:42:34,012 - apscheduler.scheduler - INFO - Scheduler started
2025-07-12 07:42:34,012 - telegram.ext.Application - INFO - Application started
2025-07-12 07:42:44,353 - httpx - INFO - HTTP Request: POST https://api.telegram.org/bot7664622116:AAF2z_SVRirebnM-Qap_2UZONU0KBr83FlQ/getUpdates "HTTP/1.1 200 OK"
2025-07-12 07:42:54,511 - httpx - INFO - HTTP Request: POST https://api.telegram.org/bot7664622116:AAF2z_SVRirebnM-Qap_2UZONU0KBr83FlQ/getUpdates "HTTP/1.1 200 OK"
2025-07-12 07:43:04,624 - httpx - INFO - HTTP Request: POST https://api.telegram.org/bot7664622116:AAF2z_SVRirebnM-Qap_2UZONU0KBr83FlQ/getUpdates "HTTP/1.1 200 OK"
2025-07-12 07:43:14,739 - httpx - INFO - HTTP Request: POST https://api.telegram.org/bot7664622116:AAF2z_SVRirebnM-Qap_2UZONU0KBr83FlQ/getUpdates "HTTP/1.1 200 OK"
2025-07-12 07:43:24,926 - httpx - INFO - HTTP Request: POST https://api.telegram.org/bot7664622116:AAF2z_SVRirebnM-Qap_2UZONU0KBr83FlQ/getUpdates "HTTP/1.1 200 OK"
2025-07-12 07:43:35,044 - httpx - INFO - HTTP Request: POST https://api.telegram.org/bot7664622116:AAF2z_SVRirebnM-Qap_2UZONU0KBr83FlQ/getUpdates "HTTP/1.1 200 OK"
2025-07-12 07:43:45,157 - httpx - INFO - HTTP Request: POST https://api.telegram.org/bot7664622116:AAF2z_SVRirebnM-Qap_2UZONU0KBr83FlQ/getUpdates "HTTP/1.1 200 OK"
2025-07-12 07:43:55,271 - httpx - INFO - HTTP Request: POST https://api.telegram.org/bot7664622116:AAF2z_SVRirebnM-Qap_2UZONU0KBr83FlQ/getUpdates "HTTP/1.1 200 OK"
2025-07-12 07:44:05,474 - httpx - INFO - HTTP Request: POST https://api.telegram.org/bot7664622116:AAF2z_SVRirebnM-Qap_2UZONU0KBr83FlQ/getUpdates "HTTP/1.1 200 OK"
2025-07-12 07:44:15,613 - httpx - INFO - HTTP Request: POST https://api.telegram.org/bot7664622116:AAF2z_SVRirebnM-Qap_2UZONU0KBr83FlQ/getUpdates "HTTP/1.1 200 OK"
2025-07-12 07:44:25,749 - httpx - INFO - HTTP Request: POST https://api.telegram.org/bot7664622116:AAF2z_SVRirebnM-Qap_2UZONU0KBr83FlQ/getUpdates "HTTP/1.1 200 OK"
2025-07-12 07:44:35,865 - httpx - INFO - HTTP Request: POST https://api.telegram.org/bot7664622116:AAF2z_SVRirebnM-Qap_2UZONU0KBr83FlQ/getUpdates "HTTP/1.1 200 OK"
2025-07-12 07:44:45,980 - httpx - INFO - HTTP Request: POST https://api.telegram.org/bot7664622116:AAF2z_SVRirebnM-Qap_2UZONU0KBr83FlQ/getUpdates "HTTP/1.1 200 OK"
2025-07-12 07:44:56,096 - httpx - INFO - HTTP Request: POST https://api.telegram.org/bot7664622116:AAF2z_SVRirebnM-Qap_2UZONU0KBr83FlQ/getUpdates "HTTP/1.1 200 OK"
2025-07-12 07:45:06,211 - httpx - INFO - HTTP Request: POST https://api.telegram.org/bot7664622116:AAF2z_SVRirebnM-Qap_2UZONU0KBr83FlQ/getUpdates "HTTP/1.1 200 OK"
2025-07-12 07:45:16,324 - httpx - INFO - HTTP Request: POST https://api.telegram.org/bot7664622116:AAF2z_SVRirebnM-Qap_2UZONU0KBr83FlQ/getUpdates "HTTP/1.1 200 OK"
2025-07-12 07:45:26,441 - httpx - INFO - HTTP Request: POST https://api.telegram.org/bot7664622116:AAF2z_SVRirebnM-Qap_2UZONU0KBr83FlQ/getUpdates "HTTP/1.1 200 OK"
2025-07-12 07:45:36,558 - httpx - INFO - HTTP Request: POST https://api.telegram.org/bot7664622116:AAF2z_SVRirebnM-Qap_2UZONU0KBr83FlQ/getUpdates "HTTP/1.1 200 OK"
2025-07-12 07:45:45,636 - httpx - INFO - HTTP Request: POST https://api.telegram.org/bot7664622116:AAF2z_SVRirebnM-Qap_2UZONU0KBr83FlQ/getUpdates "HTTP/1.1 200 OK"
2025-07-12 07:45:46,116 - httpx - INFO - HTTP Request: POST https://api.telegram.org/bot7664622116:AAF2z_SVRirebnM-Qap_2UZONU0KBr83FlQ/sendMessage "HTTP/1.1 200 OK"
2025-07-12 07:45:46,120 - __main__ - INFO - Command /start executed by user 1958568897
2025-07-12 07:45:48,314 - httpx - INFO - HTTP Request: POST https://api.telegram.org/bot7664622116:AAF2z_SVRirebnM-Qap_2UZONU0KBr83FlQ/getUpdates "HTTP/1.1 200 OK"
2025-07-12 07:45:48,550 - httpx - INFO - HTTP Request: POST https://api.telegram.org/bot7664622116:AAF2z_SVRirebnM-Qap_2UZONU0KBr83FlQ/sendMessage "HTTP/1.1 200 OK"
2025-07-12 07:45:48,555 - __main__ - INFO - Command /help executed by user 1958568897
2025-07-12 07:45:51,061 - httpx - INFO - HTTP Request: POST https://api.telegram.org/bot7664622116:AAF2z_SVRirebnM-Qap_2UZONU0KBr83FlQ/getUpdates "HTTP/1.1 200 OK"
2025-07-12 07:45:51,309 - httpx - INFO - HTTP Request: POST https://api.telegram.org/bot7664622116:AAF2z_SVRirebnM-Qap_2UZONU0KBr83FlQ/sendMessage "HTTP/1.1 200 OK"
2025-07-12 07:45:51,313 - __main__ - INFO - Command /courses executed by user 1958568897
2025-07-12 07:45:53,918 - httpx - INFO - HTTP Request: POST https://api.telegram.org/bot7664622116:AAF2z_SVRirebnM-Qap_2UZONU0KBr83FlQ/getUpdates "HTTP/1.1 200 OK"
2025-07-12 07:45:54,155 - httpx - INFO - HTTP Request: POST https://api.telegram.org/bot7664622116:AAF2z_SVRirebnM-Qap_2UZONU0KBr83FlQ/sendMessage "HTTP/1.1 200 OK"
2025-07-12 07:45:54,159 - __main__ - INFO - Command /quiz executed by user 1958568897
2025-07-12 07:46:04,035 - httpx - INFO - HTTP Request: POST https://api.telegram.org/bot7664622116:AAF2z_SVRirebnM-Qap_2UZONU0KBr83FlQ/getUpdates "HTTP/1.1 200 OK"
2025-07-12 07:46:14,191 - httpx - INFO - HTTP Request: POST https://api.telegram.org/bot7664622116:AAF2z_SVRirebnM-Qap_2UZONU0KBr83FlQ/getUpdates "HTTP/1.1 200 OK"
2025-07-12 07:46:24,313 - httpx - INFO - HTTP Request: POST https://api.telegram.org/bot7664622116:AAF2z_SVRirebnM-Qap_2UZONU0KBr83FlQ/getUpdates "HTTP/1.1 200 OK"
2025-07-12 07:46:34,427 - httpx - INFO - HTTP Request: POST https://api.telegram.org/bot7664622116:AAF2z_SVRirebnM-Qap_2UZONU0KBr83FlQ/getUpdates "HTTP/1.1 200 OK"
2025-07-12 07:46:44,604 - httpx - INFO - HTTP Request: POST https://api.telegram.org/bot7664622116:AAF2z_SVRirebnM-Qap_2UZONU0KBr83FlQ/getUpdates "HTTP/1.1 200 OK"
2025-07-12 07:46:54,742 - httpx - INFO - HTTP Request: POST https://api.telegram.org/bot7664622116:AAF2z_SVRirebnM-Qap_2UZONU0KBr83FlQ/getUpdates "HTTP/1.1 200 OK"
2025-07-12 07:47:04,856 - httpx - INFO - HTTP Request: POST https://api.telegram.org/bot7664622116:AAF2z_SVRirebnM-Qap_2UZONU0KBr83FlQ/getUpdates "HTTP/1.1 200 OK"
2025-07-12 07:47:14,972 - httpx - INFO - HTTP Request: POST https://api.telegram.org/bot7664622116:AAF2z_SVRirebnM-Qap_2UZONU0KBr83FlQ/getUpdates "HTTP/1.1 200 OK"
2025-07-12 07:47:25,155 - httpx - INFO - HTTP Request: POST https://api.telegram.org/bot7664622116:AAF2z_SVRirebnM-Qap_2UZONU0KBr83FlQ/getUpdates "HTTP/1.1 200 OK"
2025-07-12 07:47:35,270 - httpx - INFO - HTTP Request: POST https://api.telegram.org/bot7664622116:AAF2z_SVRirebnM-Qap_2UZONU0KBr83FlQ/getUpdates "HTTP/1.1 200 OK"
2025-07-12 07:47:45,385 - httpx - INFO - HTTP Request: POST https://api.telegram.org/bot7664622116:AAF2z_SVRirebnM-Qap_2UZONU0KBr83FlQ/getUpdates "HTTP/1.1 200 OK"
2025-07-12 07:47:55,568 - httpx - INFO - HTTP Request: POST https://api.telegram.org/bot7664622116:AAF2z_SVRirebnM-Qap_2UZONU0KBr83FlQ/getUpdates "HTTP/1.1 200 OK"
2025-07-12 07:48:05,682 - httpx - INFO - HTTP Request: POST https://api.telegram.org/bot7664622116:AAF2z_SVRirebnM-Qap_2UZONU0KBr83FlQ/getUpdates "HTTP/1.1 200 OK"
2025-07-12 07:48:15,845 - httpx - INFO - HTTP Request: POST https://api.telegram.org/bot7664622116:AAF2z_SVRirebnM-Qap_2UZONU0KBr83FlQ/getUpdates "HTTP/1.1 200 OK"
2025-07-12 07:48:25,959 - httpx - INFO - HTTP Request: POST https://api.telegram.org/bot7664622116:AAF2z_SVRirebnM-Qap_2UZONU0KBr83FlQ/getUpdates "HTTP/1.1 200 OK"
2025-07-12 07:48:36,119 - httpx - INFO - HTTP Request: POST https://api.telegram.org/bot7664622116:AAF2z_SVRirebnM-Qap_2UZONU0KBr83FlQ/getUpdates "HTTP/1.1 200 OK"
2025-07-12 07:48:46,256 - httpx - INFO - HTTP Request: POST https://api.telegram.org/bot7664622116:AAF2z_SVRirebnM-Qap_2UZONU0KBr83FlQ/getUpdates "HTTP/1.1 200 OK"
2025-07-12 07:48:56,392 - httpx - INFO - HTTP Request: POST https://api.telegram.org/bot7664622116:AAF2z_SVRirebnM-Qap_2UZONU0KBr83FlQ/getUpdates "HTTP/1.1 200 OK"
2025-07-12 07:49:06,531 - httpx - INFO - HTTP Request: POST https://api.telegram.org/bot7664622116:AAF2z_SVRirebnM-Qap_2UZONU0KBr83FlQ/getUpdates "HTTP/1.1 200 OK"
2025-07-12 07:49:16,669 - httpx - INFO - HTTP Request: POST https://api.telegram.org/bot7664622116:AAF2z_SVRirebnM-Qap_2UZONU0KBr83FlQ/getUpdates "HTTP/1.1 200 OK"
2025-07-12 07:49:26,784 - httpx - INFO - HTTP Request: POST https://api.telegram.org/bot7664622116:AAF2z_SVRirebnM-Qap_2UZONU0KBr83FlQ/getUpdates "HTTP/1.1 200 OK"
2025-07-12 07:49:36,927 - httpx - INFO - HTTP Request: POST https://api.telegram.org/bot7664622116:AAF2z_SVRirebnM-Qap_2UZONU0KBr83FlQ/getUpdates "HTTP/1.1 200 OK"
2025-07-12 07:49:47,041 - httpx - INFO - HTTP Request: POST https://api.telegram.org/bot7664622116:AAF2z_SVRirebnM-Qap_2UZONU0KBr83FlQ/getUpdates "HTTP/1.1 200 OK"
2025-07-12 07:49:57,153 - httpx - INFO - HTTP Request: POST https://api.telegram.org/bot7664622116:AAF2z_SVRirebnM-Qap_2UZONU0KBr83FlQ/getUpdates "HTTP/1.1 200 OK"
2025-07-12 07:50:07,268 - httpx - INFO - HTTP Request: POST https://api.telegram.org/bot7664622116:AAF2z_SVRirebnM-Qap_2UZONU0KBr83FlQ/getUpdates "HTTP/1.1 200 OK"
2025-07-12 07:50:17,458 - httpx - INFO - HTTP Request: POST https://api.telegram.org/bot7664622116:AAF2z_SVRirebnM-Qap_2UZONU0KBr83FlQ/getUpdates "HTTP/1.1 200 OK"
2025-07-12 07:50:27,574 - httpx - INFO - HTTP Request: POST https://api.telegram.org/bot7664622116:AAF2z_SVRirebnM-Qap_2UZONU0KBr83FlQ/getUpdates "HTTP/1.1 200 OK"
2025-07-12 07:50:37,769 - httpx - INFO - HTTP Request: POST https://api.telegram.org/bot7664622116:AAF2z_SVRirebnM-Qap_2UZONU0KBr83FlQ/getUpdates "HTTP/1.1 200 OK"
2025-07-12 07:50:47,885 - httpx - INFO - HTTP Request: POST https://api.telegram.org/bot7664622116:AAF2z_SVRirebnM-Qap_2UZONU0KBr83FlQ/getUpdates "HTTP/1.1 200 OK"
2025-07-12 07:50:58,045 - httpx - INFO - HTTP Request: POST https://api.telegram.org/bot7664622116:AAF2z_SVRirebnM-Qap_2UZONU0KBr83FlQ/getUpdates "HTTP/1.1 200 OK"
2025-07-12 07:51:08,159 - httpx - INFO - HTTP Request: POST https://api.telegram.org/bot7664622116:AAF2z_SVRirebnM-Qap_2UZONU0KBr83FlQ/getUpdates "HTTP/1.1 200 OK"
2025-07-12 07:51:18,321 - httpx - INFO - HTTP Request: POST https://api.telegram.org/bot7664622116:AAF2z_SVRirebnM-Qap_2UZONU0KBr83FlQ/getUpdates "HTTP/1.1 200 OK"
2025-07-12 07:51:28,435 - httpx - INFO - HTTP Request: POST https://api.telegram.org/bot7664622116:AAF2z_SVRirebnM-Qap_2UZONU0KBr83FlQ/getUpdates "HTTP/1.1 200 OK"
2025-07-12 07:51:38,548 - httpx - INFO - HTTP Request: POST https://api.telegram.org/bot7664622116:AAF2z_SVRirebnM-Qap_2UZONU0KBr83FlQ/getUpdates "HTTP/1.1 200 OK"
2025-07-12 07:51:48,731 - httpx - INFO - HTTP Request: POST https://api.telegram.org/bot7664622116:AAF2z_SVRirebnM-Qap_2UZONU0KBr83FlQ/getUpdates "HTTP/1.1 200 OK"
2025-07-12 07:51:58,845 - httpx - INFO - HTTP Request: POST https://api.telegram.org/bot7664622116:AAF2z_SVRirebnM-Qap_2UZONU0KBr83FlQ/getUpdates "HTTP/1.1 200 OK"
2025-07-12 07:52:08,961 - httpx - INFO - HTTP Request: POST https://api.telegram.org/bot7664622116:AAF2z_SVRirebnM-Qap_2UZONU0KBr83FlQ/getUpdates "HTTP/1.1 200 OK"
2025-07-12 07:52:19,074 - httpx - INFO - HTTP Request: POST https://api.telegram.org/bot7664622116:AAF2z_SVRirebnM-Qap_2UZONU0KBr83FlQ/getUpdates "HTTP/1.1 200 OK"
2025-07-12 07:52:29,188 - httpx - INFO - HTTP Request: POST https://api.telegram.org/bot7664622116:AAF2z_SVRirebnM-Qap_2UZONU0KBr83FlQ/getUpdates "HTTP/1.1 200 OK"
2025-07-12 07:52:39,319 - httpx - INFO - HTTP Request: POST https://api.telegram.org/bot7664622116:AAF2z_SVRirebnM-Qap_2UZONU0KBr83FlQ/getUpdates "HTTP/1.1 200 OK"
2025-07-12 07:52:49,434 - httpx - INFO - HTTP Request: POST https://api.telegram.org/bot7664622116:AAF2z_SVRirebnM-Qap_2UZONU0KBr83FlQ/getUpdates "HTTP/1.1 200 OK"
2025-07-12 07:52:59,596 - httpx - INFO - HTTP Request: POST https://api.telegram.org/bot7664622116:AAF2z_SVRirebnM-Qap_2UZONU0KBr83FlQ/getUpdates "HTTP/1.1 200 OK"
2025-07-12 07:53:09,708 - httpx - INFO - HTTP Request: POST https://api.telegram.org/bot7664622116:AAF2z_SVRirebnM-Qap_2UZONU0KBr83FlQ/getUpdates "HTTP/1.1 200 OK"
2025-07-12 07:53:19,819 - httpx - INFO - HTTP Request: POST https://api.telegram.org/bot7664622116:AAF2z_SVRirebnM-Qap_2UZONU0KBr83FlQ/getUpdates "HTTP/1.1 200 OK"
2025-07-12 07:53:29,939 - httpx - INFO - HTTP Request: POST https://api.telegram.org/bot7664622116:AAF2z_SVRirebnM-Qap_2UZONU0KBr83FlQ/getUpdates "HTTP/1.1 200 OK"
2025-07-12 07:53:40,051 - httpx - INFO - HTTP Request: POST https://api.telegram.org/bot7664622116:AAF2z_SVRirebnM-Qap_2UZONU0KBr83FlQ/getUpdates "HTTP/1.1 200 OK"
2025-07-12 07:53:50,165 - httpx - INFO - HTTP Request: POST https://api.telegram.org/bot7664622116:AAF2z_SVRirebnM-Qap_2UZONU0KBr83FlQ/getUpdates "HTTP/1.1 200 OK"
2025-07-12 07:54:00,316 - httpx - INFO - HTTP Request: POST https://api.telegram.org/bot7664622116:AAF2z_SVRirebnM-Qap_2UZONU0KBr83FlQ/getUpdates "HTTP/1.1 200 OK"
2025-07-12 07:54:10,433 - httpx - INFO - HTTP Request: POST https://api.telegram.org/bot7664622116:AAF2z_SVRirebnM-Qap_2UZONU0KBr83FlQ/getUpdates "HTTP/1.1 200 OK"
2025-07-12 07:54:20,549 - httpx - INFO - HTTP Request: POST https://api.telegram.org/bot7664622116:AAF2z_SVRirebnM-Qap_2UZONU0KBr83FlQ/getUpdates "HTTP/1.1 200 OK"
2025-07-12 07:54:30,667 - httpx - INFO - HTTP Request: POST https://api.telegram.org/bot7664622116:AAF2z_SVRirebnM-Qap_2UZONU0KBr83FlQ/getUpdates "HTTP/1.1 200 OK"
2025-07-12 07:54:40,781 - httpx - INFO - HTTP Request: POST https://api.telegram.org/bot7664622116:AAF2z_SVRirebnM-Qap_2UZONU0KBr83FlQ/getUpdates "HTTP/1.1 200 OK"
2025-07-12 07:54:50,897 - httpx - INFO - HTTP Request: POST https://api.telegram.org/bot7664622116:AAF2z_SVRirebnM-Qap_2UZONU0KBr83FlQ/getUpdates "HTTP/1.1 200 OK"
2025-07-12 07:55:01,041 - httpx - INFO - HTTP Request: POST https://api.telegram.org/bot7664622116:AAF2z_SVRirebnM-Qap_2UZONU0KBr83FlQ/getUpdates "HTTP/1.1 200 OK"
2025-07-12 07:55:11,157 - httpx - INFO - HTTP Request: POST https://api.telegram.org/bot7664622116:AAF2z_SVRirebnM-Qap_2UZONU0KBr83FlQ/getUpdates "HTTP/1.1 200 OK"
2025-07-12 07:55:21,314 - httpx - INFO - HTTP Request: POST https://api.telegram.org/bot7664622116:AAF2z_SVRirebnM-Qap_2UZONU0KBr83FlQ/getUpdates "HTTP/1.1 200 OK"
2025-07-12 07:55:31,455 - httpx - INFO - HTTP Request: POST https://api.telegram.org/bot7664622116:AAF2z_SVRirebnM-Qap_2UZONU0KBr83FlQ/getUpdates "HTTP/1.1 200 OK"
2025-07-12 07:55:41,592 - httpx - INFO - HTTP Request: POST https://api.telegram.org/bot7664622116:AAF2z_SVRirebnM-Qap_2UZONU0KBr83FlQ/getUpdates "HTTP/1.1 200 OK"
2025-07-12 07:55:51,710 - httpx - INFO - HTTP Request: POST https://api.telegram.org/bot7664622116:AAF2z_SVRirebnM-Qap_2UZONU0KBr83FlQ/getUpdates "HTTP/1.1 200 OK"
2025-07-12 10:36:58,215 - __main__ - INFO - 🤖 Atenu Help Bot is starting with log rotation...
2025-07-12 10:36:58,215 - __main__ - INFO - 📁 Log files: 5MB max, 3 backups
2025-07-12 10:36:58,572 - httpx - INFO - HTTP Request: POST https://api.telegram.org/bot7664622116:AAF2z_SVRirebnM-Qap_2UZONU0KBr83FlQ/getMe "HTTP/1.1 200 OK"
2025-07-12 10:36:58,687 - httpx - INFO - HTTP Request: POST https://api.telegram.org/bot7664622116:AAF2z_SVRirebnM-Qap_2UZONU0KBr83FlQ/deleteWebhook "HTTP/1.1 200 OK"
2025-07-12 10:36:58,689 - apscheduler.scheduler - INFO - Scheduler started
2025-07-12 10:36:58,689 - telegram.ext.Application - INFO - Application started
2025-07-12 10:37:09,032 - httpx - INFO - HTTP Request: POST https://api.telegram.org/bot7664622116:AAF2z_SVRirebnM-Qap_2UZONU0KBr83FlQ/getUpdates "HTTP/1.1 200 OK"
2025-07-12 10:37:19,147 - httpx - INFO - HTTP Request: POST https://api.telegram.org/bot7664622116:AAF2z_SVRirebnM-Qap_2UZONU0KBr83FlQ/getUpdates "HTTP/1.1 200 OK"
2025-07-12 10:37:29,335 - httpx - INFO - HTTP Request: POST https://api.telegram.org/bot7664622116:AAF2z_SVRirebnM-Qap_2UZONU0KBr83FlQ/getUpdates "HTTP/1.1 200 OK"
2025-07-12 10:37:34,969 - httpx - INFO - HTTP Request: POST https://api.telegram.org/bot7664622116:AAF2z_SVRirebnM-Qap_2UZONU0KBr83FlQ/getUpdates "HTTP/1.1 200 OK"
2025-07-12 10:37:35,435 - httpx - INFO - HTTP Request: POST https://api.telegram.org/bot7664622116:AAF2z_SVRirebnM-Qap_2UZONU0KBr83FlQ/sendMessage "HTTP/1.1 200 OK"
2025-07-12 10:37:35,439 - __main__ - INFO - Command /news executed by user 1958568897
2025-07-12 10:37:45,101 - httpx - INFO - HTTP Request: POST https://api.telegram.org/bot7664622116:AAF2z_SVRirebnM-Qap_2UZONU0KBr83FlQ/getUpdates "HTTP/1.1 200 OK"
2025-07-12 10:37:55,214 - httpx - INFO - HTTP Request: POST https://api.telegram.org/bot7664622116:AAF2z_SVRirebnM-Qap_2UZONU0KBr83FlQ/getUpdates "HTTP/1.1 200 OK"
2025-07-12 10:38:05,378 - httpx - INFO - HTTP Request: POST https://api.telegram.org/bot7664622116:AAF2z_SVRirebnM-Qap_2UZONU0KBr83FlQ/getUpdates "HTTP/1.1 200 OK"
2025-07-12 10:38:15,519 - httpx - INFO - HTTP Request: POST https://api.telegram.org/bot7664622116:AAF2z_SVRirebnM-Qap_2UZONU0KBr83FlQ/getUpdates "HTTP/1.1 200 OK"
2025-07-12 10:38:25,634 - httpx - INFO - HTTP Request: POST https://api.telegram.org/bot7664622116:AAF2z_SVRirebnM-Qap_2UZONU0KBr83FlQ/getUpdates "HTTP/1.1 200 OK"
2025-07-12 10:38:28,420 - httpx - INFO - HTTP Request: POST https://api.telegram.org/bot7664622116:AAF2z_SVRirebnM-Qap_2UZONU0KBr83FlQ/getUpdates "HTTP/1.1 200 OK"
2025-07-12 10:38:29,191 - httpx - INFO - HTTP Request: POST https://api.telegram.org/bot7664622116:AAF2z_SVRirebnM-Qap_2UZONU0KBr83FlQ/sendMessage "HTTP/1.1 200 OK"
2025-07-12 10:38:29,197 - __main__ - INFO - Command /start executed by user 1958568897
2025-07-12 10:38:31,010 - httpx - INFO - HTTP Request: POST https://api.telegram.org/bot7664622116:AAF2z_SVRirebnM-Qap_2UZONU0KBr83FlQ/getUpdates "HTTP/1.1 200 OK"
2025-07-12 10:38:31,255 - httpx - INFO - HTTP Request: POST https://api.telegram.org/bot7664622116:AAF2z_SVRirebnM-Qap_2UZONU0KBr83FlQ/sendMessage "HTTP/1.1 200 OK"
2025-07-12 10:38:31,258 - __main__ - INFO - Command /help executed by user 1958568897
2025-07-12 10:38:41,219 - httpx - INFO - HTTP Request: POST https://api.telegram.org/bot7664622116:AAF2z_SVRirebnM-Qap_2UZONU0KBr83FlQ/getUpdates "HTTP/1.1 200 OK"
2025-07-12 10:55:08,607 - __main__ - INFO - 🤖 Atenu Help Bot is starting with log rotation...
2025-07-12 10:55:08,607 - __main__ - INFO - 📁 Log files: 5MB max, 3 backups
2025-07-12 10:55:08,952 - httpx - INFO - HTTP Request: POST https://api.telegram.org/bot7664622116:AAF2z_SVRirebnM-Qap_2UZONU0KBr83FlQ/getMe "HTTP/1.1 200 OK"
2025-07-12 10:55:09,069 - httpx - INFO - HTTP Request: POST https://api.telegram.org/bot7664622116:AAF2z_SVRirebnM-Qap_2UZONU0KBr83FlQ/deleteWebhook "HTTP/1.1 200 OK"
2025-07-12 10:55:09,074 - apscheduler.scheduler - INFO - Scheduler started
2025-07-12 10:55:09,075 - telegram.ext.Application - INFO - Application started
2025-07-12 10:55:19,415 - httpx - INFO - HTTP Request: POST https://api.telegram.org/bot7664622116:AAF2z_SVRirebnM-Qap_2UZONU0KBr83FlQ/getUpdates "HTTP/1.1 200 OK"
2025-07-12 10:55:29,530 - httpx - INFO - HTTP Request: POST https://api.telegram.org/bot7664622116:AAF2z_SVRirebnM-Qap_2UZONU0KBr83FlQ/getUpdates "HTTP/1.1 200 OK"
2025-07-12 10:55:39,650 - httpx - INFO - HTTP Request: POST https://api.telegram.org/bot7664622116:AAF2z_SVRirebnM-Qap_2UZONU0KBr83FlQ/getUpdates "HTTP/1.1 200 OK"
2025-07-12 10:55:49,766 - httpx - INFO - HTTP Request: POST https://api.telegram.org/bot7664622116:AAF2z_SVRirebnM-Qap_2UZONU0KBr83FlQ/getUpdates "HTTP/1.1 200 OK"
2025-07-12 10:55:59,983 - httpx - INFO - HTTP Request: POST https://api.telegram.org/bot7664622116:AAF2z_SVRirebnM-Qap_2UZONU0KBr83FlQ/getUpdates "HTTP/1.1 200 OK"
2025-07-12 10:56:10,120 - httpx - INFO - HTTP Request: POST https://api.telegram.org/bot7664622116:AAF2z_SVRirebnM-Qap_2UZONU0KBr83FlQ/getUpdates "HTTP/1.1 200 OK"
2025-07-12 10:56:16,190 - httpx - INFO - HTTP Request: POST https://api.telegram.org/bot7664622116:AAF2z_SVRirebnM-Qap_2UZONU0KBr83FlQ/getUpdates "HTTP/1.1 200 OK"
2025-07-12 10:56:16,666 - httpx - INFO - HTTP Request: POST https://api.telegram.org/bot7664622116:AAF2z_SVRirebnM-Qap_2UZONU0KBr83FlQ/sendMessage "HTTP/1.1 200 OK"
2025-07-12 10:56:16,672 - __main__ - INFO - Command /start executed by user 1958568897
2025-07-12 10:56:18,325 - httpx - INFO - HTTP Request: POST https://api.telegram.org/bot7664622116:AAF2z_SVRirebnM-Qap_2UZONU0KBr83FlQ/getUpdates "HTTP/1.1 200 OK"
2025-07-12 10:56:18,604 - httpx - INFO - HTTP Request: POST https://api.telegram.org/bot7664622116:AAF2z_SVRirebnM-Qap_2UZONU0KBr83FlQ/sendMessage "HTTP/1.1 200 OK"
2025-07-12 10:56:18,608 - __main__ - INFO - Command /help executed by user 1958568897
2025-07-12 10:56:19,878 - httpx - INFO - HTTP Request: POST https://api.telegram.org/bot7664622116:AAF2z_SVRirebnM-Qap_2UZONU0KBr83FlQ/getUpdates "HTTP/1.1 200 OK"
2025-07-12 10:56:20,121 - httpx - INFO - HTTP Request: POST https://api.telegram.org/bot7664622116:AAF2z_SVRirebnM-Qap_2UZONU0KBr83FlQ/sendMessage "HTTP/1.1 200 OK"
2025-07-12 10:56:20,126 - __main__ - INFO - Command /courses executed by user 1958568897
2025-07-12 10:56:21,445 - httpx - INFO - HTTP Request: POST https://api.telegram.org/bot7664622116:AAF2z_SVRirebnM-Qap_2UZONU0KBr83FlQ/getUpdates "HTTP/1.1 200 OK"
2025-07-12 10:56:21,684 - httpx - INFO - HTTP Request: POST https://api.telegram.org/bot7664622116:AAF2z_SVRirebnM-Qap_2UZONU0KBr83FlQ/sendMessage "HTTP/1.1 200 OK"
2025-07-12 10:56:21,689 - __main__ - INFO - Command /quiz executed by user 1958568897
2025-07-12 10:56:22,543 - httpx - INFO - HTTP Request: POST https://api.telegram.org/bot7664622116:AAF2z_SVRirebnM-Qap_2UZONU0KBr83FlQ/getUpdates "HTTP/1.1 200 OK"
2025-07-12 10:56:22,785 - httpx - INFO - HTTP Request: POST https://api.telegram.org/bot7664622116:AAF2z_SVRirebnM-Qap_2UZONU0KBr83FlQ/sendMessage "HTTP/1.1 200 OK"
2025-07-12 10:56:22,789 - __main__ - INFO - Command /survey executed by user 1958568897
2025-07-12 10:56:24,253 - httpx - INFO - HTTP Request: POST https://api.telegram.org/bot7664622116:AAF2z_SVRirebnM-Qap_2UZONU0KBr83FlQ/getUpdates "HTTP/1.1 200 OK"
2025-07-12 10:56:24,495 - httpx - INFO - HTTP Request: POST https://api.telegram.org/bot7664622116:AAF2z_SVRirebnM-Qap_2UZONU0KBr83FlQ/sendMessage "HTTP/1.1 200 OK"
2025-07-12 10:56:24,499 - __main__ - INFO - Command /news executed by user 1958568897
2025-07-12 10:56:27,274 - httpx - INFO - HTTP Request: POST https://api.telegram.org/bot7664622116:AAF2z_SVRirebnM-Qap_2UZONU0KBr83FlQ/getUpdates "HTTP/1.1 200 OK"
2025-07-12 10:56:27,509 - httpx - INFO - HTTP Request: POST https://api.telegram.org/bot7664622116:AAF2z_SVRirebnM-Qap_2UZONU0KBr83FlQ/sendMessage "HTTP/1.1 200 OK"
2025-07-12 10:56:27,513 - __main__ - INFO - Command /scholarships executed by user 1958568897
2025-07-12 10:56:29,083 - httpx - INFO - HTTP Request: POST https://api.telegram.org/bot7664622116:AAF2z_SVRirebnM-Qap_2UZONU0KBr83FlQ/getUpdates "HTTP/1.1 200 OK"
2025-07-12 10:56:29,319 - httpx - INFO - HTTP Request: POST https://api.telegram.org/bot7664622116:AAF2z_SVRirebnM-Qap_2UZONU0KBr83FlQ/sendMessage "HTTP/1.1 200 OK"
2025-07-12 10:56:29,323 - __main__ - INFO - Command /register executed by user 1958568897
2025-07-12 10:56:39,308 - httpx - INFO - HTTP Request: POST https://api.telegram.org/bot7664622116:AAF2z_SVRirebnM-Qap_2UZONU0KBr83FlQ/getUpdates "HTTP/1.1 200 OK"
2025-07-12 10:56:49,443 - httpx - INFO - HTTP Request: POST https://api.telegram.org/bot7664622116:AAF2z_SVRirebnM-Qap_2UZONU0KBr83FlQ/getUpdates "HTTP/1.1 200 OK"
2025-07-12 10:56:59,581 - httpx - INFO - HTTP Request: POST https://api.telegram.org/bot7664622116:AAF2z_SVRirebnM-Qap_2UZONU0KBr83FlQ/getUpdates "HTTP/1.1 200 OK"
2025-07-12 10:57:09,695 - httpx - INFO - HTTP Request: POST https://api.telegram.org/bot7664622116:AAF2z_SVRirebnM-Qap_2UZONU0KBr83FlQ/getUpdates "HTTP/1.1 200 OK"
2025-07-12 10:57:19,857 - httpx - INFO - HTTP Request: POST https://api.telegram.org/bot7664622116:AAF2z_SVRirebnM-Qap_2UZONU0KBr83FlQ/getUpdates "HTTP/1.1 200 OK"
2025-07-12 10:57:29,993 - httpx - INFO - HTTP Request: POST https://api.telegram.org/bot7664622116:AAF2z_SVRirebnM-Qap_2UZONU0KBr83FlQ/getUpdates "HTTP/1.1 200 OK"
2025-07-12 10:57:40,132 - httpx - INFO - HTTP Request: POST https://api.telegram.org/bot7664622116:AAF2z_SVRirebnM-Qap_2UZONU0KBr83FlQ/getUpdates "HTTP/1.1 200 OK"
2025-07-12 10:57:50,270 - httpx - INFO - HTTP Request: POST https://api.telegram.org/bot7664622116:AAF2z_SVRirebnM-Qap_2UZONU0KBr83FlQ/getUpdates "HTTP/1.1 200 OK"
2025-07-12 10:58:00,387 - httpx - INFO - HTTP Request: POST https://api.telegram.org/bot7664622116:AAF2z_SVRirebnM-Qap_2UZONU0KBr83FlQ/getUpdates "HTTP/1.1 200 OK"
2025-07-12 10:58:10,546 - httpx - INFO - HTTP Request: POST https://api.telegram.org/bot7664622116:AAF2z_SVRirebnM-Qap_2UZONU0KBr83FlQ/getUpdates "HTTP/1.1 200 OK"
2025-07-12 10:58:20,685 - httpx - INFO - HTTP Request: POST https://api.telegram.org/bot7664622116:AAF2z_SVRirebnM-Qap_2UZONU0KBr83FlQ/getUpdates "HTTP/1.1 200 OK"
2025-07-12 10:58:30,802 - httpx - INFO - HTTP Request: POST https://api.telegram.org/bot7664622116:AAF2z_SVRirebnM-Qap_2UZONU0KBr83FlQ/getUpdates "HTTP/1.1 200 OK"
2025-07-12 10:58:40,958 - httpx - INFO - HTTP Request: POST https://api.telegram.org/bot7664622116:AAF2z_SVRirebnM-Qap_2UZONU0KBr83FlQ/getUpdates "HTTP/1.1 200 OK"
2025-07-12 10:58:51,097 - httpx - INFO - HTTP Request: POST https://api.telegram.org/bot7664622116:AAF2z_SVRirebnM-Qap_2UZONU0KBr83FlQ/getUpdates "HTTP/1.1 200 OK"
2025-07-12 10:59:01,236 - httpx - INFO - HTTP Request: POST https://api.telegram.org/bot7664622116:AAF2z_SVRirebnM-Qap_2UZONU0KBr83FlQ/getUpdates "HTTP/1.1 200 OK"
2025-07-12 10:59:11,349 - httpx - INFO - HTTP Request: POST https://api.telegram.org/bot7664622116:AAF2z_SVRirebnM-Qap_2UZONU0KBr83FlQ/getUpdates "HTTP/1.1 200 OK"
2025-07-12 10:59:21,469 - httpx - INFO - HTTP Request: POST https://api.telegram.org/bot7664622116:AAF2z_SVRirebnM-Qap_2UZONU0KBr83FlQ/getUpdates "HTTP/1.1 200 OK"
2025-07-12 10:59:31,586 - httpx - INFO - HTTP Request: POST https://api.telegram.org/bot7664622116:AAF2z_SVRirebnM-Qap_2UZONU0KBr83FlQ/getUpdates "HTTP/1.1 200 OK"
2025-07-12 10:59:41,706 - httpx - INFO - HTTP Request: POST https://api.telegram.org/bot7664622116:AAF2z_SVRirebnM-Qap_2UZONU0KBr83FlQ/getUpdates "HTTP/1.1 200 OK"
2025-07-12 10:59:51,821 - httpx - INFO - HTTP Request: POST https://api.telegram.org/bot7664622116:AAF2z_SVRirebnM-Qap_2UZONU0KBr83FlQ/getUpdates "HTTP/1.1 200 OK"
2025-07-12 11:00:01,937 - httpx - INFO - HTTP Request: POST https://api.telegram.org/bot7664622116:AAF2z_SVRirebnM-Qap_2UZONU0KBr83FlQ/getUpdates "HTTP/1.1 200 OK"
2025-07-12 11:00:12,054 - httpx - INFO - HTTP Request: POST https://api.telegram.org/bot7664622116:AAF2z_SVRirebnM-Qap_2UZONU0KBr83FlQ/getUpdates "HTTP/1.1 200 OK"
2025-07-12 11:00:22,171 - httpx - INFO - HTTP Request: POST https://api.telegram.org/bot7664622116:AAF2z_SVRirebnM-Qap_2UZONU0KBr83FlQ/getUpdates "HTTP/1.1 200 OK"
2025-07-12 11:00:25,690 - httpx - INFO - HTTP Request: POST https://api.telegram.org/bot7664622116:AAF2z_SVRirebnM-Qap_2UZONU0KBr83FlQ/getUpdates "HTTP/1.1 200 OK"
2025-07-12 11:00:35,806 - httpx - INFO - HTTP Request: POST https://api.telegram.org/bot7664622116:AAF2z_SVRirebnM-Qap_2UZONU0KBr83FlQ/getUpdates "HTTP/1.1 200 OK"
2025-07-12 11:00:45,920 - httpx - INFO - HTTP Request: POST https://api.telegram.org/bot7664622116:AAF2z_SVRirebnM-Qap_2UZONU0KBr83FlQ/getUpdates "HTTP/1.1 200 OK"
2025-07-12 11:00:48,128 - httpx - INFO - HTTP Request: POST https://api.telegram.org/bot7664622116:AAF2z_SVRirebnM-Qap_2UZONU0KBr83FlQ/getUpdates "HTTP/1.1 200 OK"
2025-07-12 11:00:58,247 - httpx - INFO - HTTP Request: POST https://api.telegram.org/bot7664622116:AAF2z_SVRirebnM-Qap_2UZONU0KBr83FlQ/getUpdates "HTTP/1.1 200 OK"
2025-07-12 11:01:08,363 - httpx - INFO - HTTP Request: POST https://api.telegram.org/bot7664622116:AAF2z_SVRirebnM-Qap_2UZONU0KBr83FlQ/getUpdates "HTTP/1.1 200 OK"
2025-07-12 11:01:18,480 - httpx - INFO - HTTP Request: POST https://api.telegram.org/bot7664622116:AAF2z_SVRirebnM-Qap_2UZONU0KBr83FlQ/getUpdates "HTTP/1.1 200 OK"
2025-07-12 11:01:28,594 - httpx - INFO - HTTP Request: POST https://api.telegram.org/bot7664622116:AAF2z_SVRirebnM-Qap_2UZONU0KBr83FlQ/getUpdates "HTTP/1.1 200 OK"
2025-07-12 11:01:38,720 - httpx - INFO - HTTP Request: POST https://api.telegram.org/bot7664622116:AAF2z_SVRirebnM-Qap_2UZONU0KBr83FlQ/getUpdates "HTTP/1.1 200 OK"
2025-07-12 11:01:48,866 - httpx - INFO - HTTP Request: POST https://api.telegram.org/bot7664622116:AAF2z_SVRirebnM-Qap_2UZONU0KBr83FlQ/getUpdates "HTTP/1.1 200 OK"
2025-07-12 11:01:59,004 - httpx - INFO - HTTP Request: POST https://api.telegram.org/bot7664622116:AAF2z_SVRirebnM-Qap_2UZONU0KBr83FlQ/getUpdates "HTTP/1.1 200 OK"
2025-07-12 11:02:09,143 - httpx - INFO - HTTP Request: POST https://api.telegram.org/bot7664622116:AAF2z_SVRirebnM-Qap_2UZONU0KBr83FlQ/getUpdates "HTTP/1.1 200 OK"
2025-07-12 11:02:19,261 - httpx - INFO - HTTP Request: POST https://api.telegram.org/bot7664622116:AAF2z_SVRirebnM-Qap_2UZONU0KBr83FlQ/getUpdates "HTTP/1.1 200 OK"
2025-07-12 11:02:29,376 - httpx - INFO - HTTP Request: POST https://api.telegram.org/bot7664622116:AAF2z_SVRirebnM-Qap_2UZONU0KBr83FlQ/getUpdates "HTTP/1.1 200 OK"
2025-07-12 11:02:39,555 - httpx - INFO - HTTP Request: POST https://api.telegram.org/bot7664622116:AAF2z_SVRirebnM-Qap_2UZONU0KBr83FlQ/getUpdates "HTTP/1.1 200 OK"
2025-07-12 11:02:49,692 - httpx - INFO - HTTP Request: POST https://api.telegram.org/bot7664622116:AAF2z_SVRirebnM-Qap_2UZONU0KBr83FlQ/getUpdates "HTTP/1.1 200 OK"
2025-07-12 11:02:59,830 - httpx - INFO - HTTP Request: POST https://api.telegram.org/bot7664622116:AAF2z_SVRirebnM-Qap_2UZONU0KBr83FlQ/getUpdates "HTTP/1.1 200 OK"
2025-07-12 11:03:09,971 - httpx - INFO - HTTP Request: POST https://api.telegram.org/bot7664622116:AAF2z_SVRirebnM-Qap_2UZONU0KBr83FlQ/getUpdates "HTTP/1.1 200 OK"
2025-07-12 11:03:20,106 - httpx - INFO - HTTP Request: POST https://api.telegram.org/bot7664622116:AAF2z_SVRirebnM-Qap_2UZONU0KBr83FlQ/getUpdates "HTTP/1.1 200 OK"
2025-07-12 11:03:30,222 - httpx - INFO - HTTP Request: POST https://api.telegram.org/bot7664622116:AAF2z_SVRirebnM-Qap_2UZONU0KBr83FlQ/getUpdates "HTTP/1.1 200 OK"
2025-07-12 11:03:40,337 - httpx - INFO - HTTP Request: POST https://api.telegram.org/bot7664622116:AAF2z_SVRirebnM-Qap_2UZONU0KBr83FlQ/getUpdates "HTTP/1.1 200 OK"
2025-07-12 11:03:50,519 - httpx - INFO - HTTP Request: POST https://api.telegram.org/bot7664622116:AAF2z_SVRirebnM-Qap_2UZONU0KBr83FlQ/getUpdates "HTTP/1.1 200 OK"
2025-07-12 11:04:00,633 - httpx - INFO - HTTP Request: POST https://api.telegram.org/bot7664622116:AAF2z_SVRirebnM-Qap_2UZONU0KBr83FlQ/getUpdates "HTTP/1.1 200 OK"
2025-07-12 11:04:10,784 - httpx - INFO - HTTP Request: POST https://api.telegram.org/bot7664622116:AAF2z_SVRirebnM-Qap_2UZONU0KBr83FlQ/getUpdates "HTTP/1.1 200 OK"
2025-07-12 11:04:20,932 - httpx - INFO - HTTP Request: POST https://api.telegram.org/bot7664622116:AAF2z_SVRirebnM-Qap_2UZONU0KBr83FlQ/getUpdates "HTTP/1.1 200 OK"
2025-07-12 11:04:31,046 - httpx - INFO - HTTP Request: POST https://api.telegram.org/bot7664622116:AAF2z_SVRirebnM-Qap_2UZONU0KBr83FlQ/getUpdates "HTTP/1.1 200 OK"
2025-07-12 11:04:41,160 - httpx - INFO - HTTP Request: POST https://api.telegram.org/bot7664622116:AAF2z_SVRirebnM-Qap_2UZONU0KBr83FlQ/getUpdates "HTTP/1.1 200 OK"
2025-07-12 11:04:51,273 - httpx - INFO - HTTP Request: POST https://api.telegram.org/bot7664622116:AAF2z_SVRirebnM-Qap_2UZONU0KBr83FlQ/getUpdates "HTTP/1.1 200 OK"
2025-07-12 11:05:01,395 - httpx - INFO - HTTP Request: POST https://api.telegram.org/bot7664622116:AAF2z_SVRirebnM-Qap_2UZONU0KBr83FlQ/getUpdates "HTTP/1.1 200 OK"
2025-07-12 11:05:11,622 - httpx - INFO - HTTP Request: POST https://api.telegram.org/bot7664622116:AAF2z_SVRirebnM-Qap_2UZONU0KBr83FlQ/getUpdates "HTTP/1.1 200 OK"
2025-07-12 11:05:21,760 - httpx - INFO - HTTP Request: POST https://api.telegram.org/bot7664622116:AAF2z_SVRirebnM-Qap_2UZONU0KBr83FlQ/getUpdates "HTTP/1.1 200 OK"
2025-07-12 11:05:31,896 - httpx - INFO - HTTP Request: POST https://api.telegram.org/bot7664622116:AAF2z_SVRirebnM-Qap_2UZONU0KBr83FlQ/getUpdates "HTTP/1.1 200 OK"
2025-07-12 11:05:42,038 - httpx - INFO - HTTP Request: POST https://api.telegram.org/bot7664622116:AAF2z_SVRirebnM-Qap_2UZONU0KBr83FlQ/getUpdates "HTTP/1.1 200 OK"
2025-07-12 11:05:52,172 - httpx - INFO - HTTP Request: POST https://api.telegram.org/bot7664622116:AAF2z_SVRirebnM-Qap_2UZONU0KBr83FlQ/getUpdates "HTTP/1.1 200 OK"
2025-07-12 11:06:02,313 - httpx - INFO - HTTP Request: POST https://api.telegram.org/bot7664622116:AAF2z_SVRirebnM-Qap_2UZONU0KBr83FlQ/getUpdates "HTTP/1.1 200 OK"
2025-07-12 11:06:12,453 - httpx - INFO - HTTP Request: POST https://api.telegram.org/bot7664622116:AAF2z_SVRirebnM-Qap_2UZONU0KBr83FlQ/getUpdates "HTTP/1.1 200 OK"
2025-07-12 11:06:22,568 - httpx - INFO - HTTP Request: POST https://api.telegram.org/bot7664622116:AAF2z_SVRirebnM-Qap_2UZONU0KBr83FlQ/getUpdates "HTTP/1.1 200 OK"
2025-07-12 11:06:32,685 - httpx - INFO - HTTP Request: POST https://api.telegram.org/bot7664622116:AAF2z_SVRirebnM-Qap_2UZONU0KBr83FlQ/getUpdates "HTTP/1.1 200 OK"
2025-07-12 11:06:42,801 - httpx - INFO - HTTP Request: POST https://api.telegram.org/bot7664622116:AAF2z_SVRirebnM-Qap_2UZONU0KBr83FlQ/getUpdates "HTTP/1.1 200 OK"
2025-07-12 11:06:52,918 - httpx - INFO - HTTP Request: POST https://api.telegram.org/bot7664622116:AAF2z_SVRirebnM-Qap_2UZONU0KBr83FlQ/getUpdates "HTTP/1.1 200 OK"
